\BOOKMARK [1][-]{section*.1}{\376\377\000A\000b\000s\000t\000r\000a\000c\000t}{}% 1
\BOOKMARK [1][-]{section.1}{\376\377\0001\000\040\000I\000n\000t\000r\000o\000d\000u\000c\000t\000i\000o\000n}{}% 2
\BOOKMARK [1][-]{section.2}{\376\377\0002\000\040\000R\000e\000l\000a\000t\000e\000d\000\040\000W\000o\000r\000k}{}% 3
\BOOKMARK [1][-]{section.3}{\376\377\0003\000\040\000M\000e\000t\000h\000o\000d\000o\000l\000o\000g\000y\000:\000\040\000F\000r\000a\000m\000e\000w\000o\000r\000k\000\040\000D\000e\000s\000i\000g\000n\000\040\000a\000n\000d\000\040\000A\000r\000c\000h\000i\000t\000e\000c\000t\000u\000r\000e}{}% 4
\BOOKMARK [2][-]{subsection.3.1}{\376\377\0003\000.\0001\000\040\000F\000o\000r\000m\000a\000l\000\040\000D\000e\000f\000i\000n\000i\000t\000i\000o\000n\000\040\000o\000f\000\040\000t\000h\000e\000\040\000A\000r\000t\000i\000f\000i\000c\000i\000a\000l\000\040\000C\000o\000n\000s\000t\000i\000t\000u\000t\000i\000o\000n\000\040\000\050\000A\000C\000\051}{section.3}% 5
\BOOKMARK [2][-]{subsection.3.2}{\376\377\0003\000.\0002\000\040\000S\000e\000l\000f\000-\000S\000y\000n\000t\000h\000e\000s\000i\000z\000i\000n\000g\000\040\000\050\000G\000S\000\051\000\040\000E\000n\000g\000i\000n\000e}{section.3}% 6
\BOOKMARK [2][-]{subsection.3.3}{\376\377\0003\000.\0003\000\040\000P\000r\000o\000m\000p\000t\000\040\000G\000o\000v\000e\000r\000n\000a\000n\000c\000e\000\040\000C\000o\000m\000p\000i\000l\000e\000r\000\040\000\050\000P\000G\000C\000\051\000\040\000D\000e\000s\000i\000g\000n}{section.3}% 7
\BOOKMARK [2][-]{subsection.3.4}{\376\377\0003\000.\0004\000\040\000A\000s\000s\000u\000r\000a\000n\000c\000e\000\040\000v\000i\000a\000\040\000P\000G\000P}{section.3}% 8
\BOOKMARK [1][-]{section.4}{\376\377\0004\000\040\000E\000x\000p\000e\000r\000i\000m\000e\000n\000t\000a\000l\000\040\000I\000l\000l\000u\000s\000t\000r\000a\000t\000i\000o\000n\000s\000\040\000\050\000C\000o\000n\000c\000e\000p\000t\000u\000a\000l\000\040\000V\000a\000l\000i\000d\000a\000t\000i\000o\000n\000\051}{}% 9
\BOOKMARK [1][-]{section.5}{\376\377\0005\000\040\000R\000e\000s\000u\000l\000t\000s\000\040\000a\000n\000d\000\040\000A\000n\000a\000l\000y\000s\000i\000s\000\040\000\050\000C\000o\000n\000c\000e\000p\000t\000u\000a\000l\000\051}{}% 10
\BOOKMARK [1][-]{section.6}{\376\377\0006\000\040\000D\000i\000s\000c\000u\000s\000s\000i\000o\000n}{}% 11
\BOOKMARK [1][-]{section.7}{\376\377\0007\000\040\000E\000t\000h\000i\000c\000s\000\040\000a\000n\000d\000\040\000C\000o\000m\000p\000l\000i\000a\000n\000c\000e\000\040\000S\000t\000a\000t\000e\000m\000e\000n\000t}{}% 12
\BOOKMARK [1][-]{section.8}{\376\377\0008\000\040\000C\000o\000n\000c\000l\000u\000s\000i\000o\000n}{}% 13
\BOOKMARK [1][-]{section*.10}{\376\377\000R\000e\000f\000e\000r\000e\000n\000c\000e\000s}{}% 14
\BOOKMARK [1][-]{appendix.A}{\376\377\000A\000\040\000D\000e\000t\000a\000i\000l\000e\000d\000\040\000T\000e\000c\000h\000n\000i\000c\000a\000l\000\040\000A\000r\000c\000h\000i\000t\000e\000c\000t\000u\000r\000e\000\040\000o\000f\000\040\000t\000h\000e\000\040\000A\000C\000G\000S\000-\000P\000G\000P\000\040\000F\000r\000a\000m\000e\000w\000o\000r\000k}{}% 15
\BOOKMARK [2][-]{subsection.A.1}{\376\377\000A\000.\0001\000\040\000I\000n\000t\000r\000o\000d\000u\000c\000t\000i\000o\000n\000\040\000t\000o\000\040\000A\000r\000c\000h\000i\000t\000e\000c\000t\000u\000r\000a\000l\000\040\000E\000l\000a\000b\000o\000r\000a\000t\000i\000o\000n}{appendix.A}% 16
\BOOKMARK [2][-]{subsection.A.2}{\376\377\000A\000.\0002\000\040\000E\000x\000p\000a\000n\000d\000e\000d\000\040\000C\000o\000n\000t\000a\000i\000n\000e\000r\000\040\000D\000e\000s\000c\000r\000i\000p\000t\000i\000o\000n\000s\000\040\000\050\000C\000o\000n\000c\000e\000p\000t\000u\000a\000l\000\040\000L\000e\000v\000e\000l\000\040\0002\000\051}{appendix.A}% 17
\BOOKMARK [2][-]{subsection.A.3}{\376\377\000A\000.\0003\000\040\000C\000o\000n\000c\000e\000p\000t\000u\000a\000l\000\040\000C\000o\000m\000p\000o\000n\000e\000n\000t\000\040\000D\000i\000a\000g\000r\000a\000m\000s\000\040\000\050\000L\000e\000v\000e\000l\000\040\0003\000\051\000\040\000f\000o\000r\000\040\000K\000e\000y\000\040\000C\000o\000n\000t\000a\000i\000n\000e\000r\000s}{appendix.A}% 18
\BOOKMARK [2][-]{subsection.A.4}{\376\377\000A\000.\0004\000\040\000K\000e\000y\000\040\000I\000n\000t\000e\000r\000a\000c\000t\000i\000o\000n\000\040\000F\000l\000o\000w\000:\000\040\000A\000I\000\040\000A\000c\000t\000i\000o\000n\000\040\000G\000o\000v\000e\000r\000n\000a\000n\000c\000e}{appendix.A}% 19
\BOOKMARK [2][-]{subsection.A.5}{\376\377\000A\000.\0005\000\040\000C\000o\000n\000c\000e\000p\000t\000u\000a\000l\000\040\000D\000a\000t\000a\000\040\000S\000c\000h\000e\000m\000a\000s}{appendix.A}% 20
\BOOKMARK [1][-]{appendix.B}{\376\377\000B\000\040\000I\000l\000l\000u\000s\000t\000r\000a\000t\000i\000v\000e\000\040\000F\000u\000l\000l\000\040\000P\000o\000l\000i\000c\000y\000\040\000L\000a\000n\000g\000u\000a\000g\000e\000\040\000E\000x\000a\000m\000p\000l\000e\000s\000\040\000f\000o\000r\000\040\000t\000h\000e\000\040\000A\000C\000G\000S\000-\000P\000G\000P\000\040\000F\000r\000a\000m\000e\000w\000o\000r\000k}{}% 21
\BOOKMARK [2][-]{subsection.B.1}{\376\377\000B\000.\0001\000\040\000I\000n\000t\000r\000o\000d\000u\000c\000t\000i\000o\000n\000\040\000t\000o\000\040\000A\000p\000p\000e\000n\000d\000i\000x\000\040\000B}{appendix.B}% 22
\BOOKMARK [2][-]{subsection.B.2}{\376\377\000B\000.\0002\000\040\000P\000o\000l\000i\000c\000y\000\040\000L\000a\000n\000g\000u\000a\000g\000e\000\040\000S\000t\000r\000u\000c\000t\000u\000r\000e\000\040\000K\000e\000y}{appendix.B}% 23
\BOOKMARK [2][-]{subsection.B.3}{\376\377\000B\000.\0003\000\040\000E\000x\000a\000m\000p\000l\000e\000\040\000B\000.\0001\000:\000\040\000H\000e\000a\000l\000t\000h\000c\000a\000r\000e\000\040\000C\000h\000a\000t\000\040\000A\000g\000e\000n\000t\000\040\040\023\000\040\000P\000a\000t\000i\000e\000n\000t\000\040\000D\000a\000t\000a\000\040\000A\000c\000c\000e\000s\000s\000\040\000a\000n\000d\000\040\000D\000i\000s\000c\000l\000o\000s\000u\000r\000e}{appendix.B}% 24
\BOOKMARK [2][-]{subsection.B.4}{\376\377\000B\000.\0004\000\040\000E\000x\000a\000m\000p\000l\000e\000\040\000B\000.\0002\000:\000\040\000A\000u\000t\000o\000n\000o\000m\000o\000u\000s\000\040\000C\000o\000d\000e\000\040\000G\000e\000n\000e\000r\000a\000t\000i\000o\000n\000\040\000T\000o\000o\000l\000\040\040\023\000\040\000S\000e\000c\000u\000r\000i\000t\000y\000\040\000a\000n\000d\000\040\000L\000i\000c\000e\000n\000s\000i\000n\000g\000\040\000C\000o\000m\000p\000l\000i\000a\000n\000c\000e}{appendix.B}% 25
\BOOKMARK [2][-]{subsection.B.5}{\376\377\000B\000.\0005\000\040\000E\000x\000a\000m\000p\000l\000e\000\040\000B\000.\0003\000:\000\040\000F\000i\000n\000a\000n\000c\000i\000a\000l\000\040\000R\000o\000b\000o\000-\000A\000d\000v\000i\000s\000o\000r\000\040\040\023\000\040\000F\000i\000d\000u\000c\000i\000a\000r\000y\000\040\000D\000u\000t\000y\000\040\000a\000n\000d\000\040\000S\000u\000i\000t\000a\000b\000i\000l\000i\000t\000y}{appendix.B}% 26
\BOOKMARK [1][-]{appendix.C}{\376\377\000C\000\040\000P\000s\000e\000u\000d\000o\000c\000o\000d\000e\000\040\000f\000o\000r\000\040\000G\000S\000\040\000E\000n\000g\000i\000n\000e\000'\000s\000\040\000S\000e\000l\000f\000-\000S\000y\000n\000t\000h\000e\000s\000i\000z\000i\000n\000g\000\040\000A\000l\000g\000o\000r\000i\000t\000h\000m}{}% 27
\BOOKMARK [1][-]{appendix.D}{\376\377\000D\000\040\000S\000a\000m\000p\000l\000e\000\040\000P\000r\000o\000m\000p\000t\000-\000t\000o\000-\000P\000o\000l\000i\000c\000y\000\040\000T\000r\000a\000n\000s\000l\000a\000t\000i\000o\000n\000\040\000S\000n\000i\000p\000p\000e\000t\000s}{}% 28
\BOOKMARK [1][-]{appendix.E}{\376\377\000E\000\040\000D\000e\000t\000a\000i\000l\000e\000d\000\040\000R\000i\000s\000k\000/\000M\000i\000t\000i\000g\000a\000t\000i\000o\000n\000\040\000M\000a\000t\000r\000i\000x\000\040\000f\000o\000r\000\040\000A\000C\000G\000S\000-\000P\000G\000P\000\040\000F\000r\000a\000m\000e\000w\000o\000r\000k}{}% 29
